[2026-07-04 16:19:40] [INFO] ==========================================
[2026-07-04 16:19:40] [INFO] PMS Backup System - Automated Deployment
[2026-07-04 16:19:40] [INFO] ==========================================
[2026-07-04 16:19:40] [INFO] Project Root: C:\Users\nonhlanhla.Sambo\Documents\TestingMain\Procurement-Management-System-main (4)\Procurement-Management-System-main
[2026-07-04 16:19:40] [INFO] Backup Script: C:\Users\nonhlanhla.Sambo\Documents\TestingMain\Procurement-Management-System-main (4)\Procurement-Management-System-main\pms\scripts\backup-daily-production.ps1
[2026-07-04 16:19:40] [INFO] Step 1: Verifying backup script...
[2026-07-04 16:19:40] [INFO] OK: Backup script verified
[2026-07-04 16:19:40] [INFO] Step 2: Checking AWS credentials...
[2026-07-04 16:19:40] [INFO] OK: AWS credentials file found
[2026-07-04 16:19:40] [INFO] Step 3: Setting up scheduled task...
[2026-07-04 16:19:40] [INFO] INFO: Not running as admin - task requires administrator setup
[2026-07-04 16:19:40] [INFO] Step 4: Checking AWS CLI...
[2026-07-04 16:19:40] [WARN] WARNING: AWS CLI not in PATH
[2026-07-04 16:19:40] [INFO] Step 5: Creating status info...
[2026-07-04 16:19:40] [INFO] OK: Status info saved
[2026-07-04 16:19:40] [INFO] 
[2026-07-04 16:19:40] [INFO] ==========================================
[2026-07-04 16:19:40] [INFO] Deployment Complete
[2026-07-04 16:19:40] [INFO] ==========================================
[2026-07-04 16:19:40] [INFO] Backups will run daily at: 01:00 UTC
[2026-07-04 16:19:40] [INFO] Log file: C:\Users\nonhlanhla.Sambo\Documents\TestingMain\Procurement-Management-System-main (4)\Procurement-Management-System-main\logs\deployment.log
[2026-07-04 16:19:40] [INFO] 
